<?xml version="1.0" encoding="UTF-8"?>
<testng-results ignored="0" total="1" passed="1" failed="0" skipped="0">
  <reporter-output>
  </reporter-output>
  <suite started-at="2025-08-28T10:41:39 IST" name="Default suite" finished-at="2025-08-28T10:41:41 IST" duration-ms="1538">
    <groups>
    </groups>
    <test started-at="2025-08-28T10:41:39 IST" name="Default test" finished-at="2025-08-28T10:41:41 IST" duration-ms="1538">
      <class name="baselibrary.BaseLibrary">
        <test-method signature="launch()[pri:0, instance:baselibrary.BaseLibrary@62379589]" started-at="2025-08-28T10:41:39 IST" name="launch" finished-at="2025-08-28T10:41:41 IST" duration-ms="1496" status="PASS">
          <reporter-output>
          </reporter-output>
        </test-method> <!-- launch -->
      </class> <!-- baselibrary.BaseLibrary -->
    </test> <!-- Default test -->
  </suite> <!-- Default suite -->
</testng-results>
